<?xml version="1.0" encoding="utf-8"?><testsuites><testsuite name="pytest" errors="0" failures="0" skipped="0" tests="66" time="2.816" timestamp="2026-08-01T21:00:30.598579-04:00" hostname="DESKTOP-E0JLOHB"><properties>
[...]
</properties><testcase classname="tests.kgr.test_algebra" name="test_cp_forward_equals_dense_contraction" time="0.175" /><testcase classname="tests.kgr.test_algebra" name="test_cp_batched_matches_per_row_loop" time="0.078" /><testcase classname="tests.kgr.test_algebra" name="test_cp_gauge_group_leaves_tensor_invariant" time="0.198" /><testcase classname="tests.kgr.test_algebra" name="test_cp_gauge_group_rejects_bad_product" time="0.000" /><testcase classname="tests.kgr.test_algebra" name="test_cp_gauge_negative_control_inconsistent_scaling_changes_tensor" time="0.005" /><testcase classname="tests.kgr.test_algebra" name="test_cp_rank_mismatch_rejected" time="0.000" /><testcase classname="tests.kgr.test_algebra" name="test_cyclic_projector_idempotent" time="0.007" /><testcase classname="tests.kgr.test_algebra" name="test_cyclic_projector_rejects_unequal_input_dims" time="0.000" /><testcase classname="tests.kgr.test_algebra" name="test_cyclic_projector_symmetric_under_manual_cyclic_shift" time="0.000" /><testcase classname="tests.kgr.test_algebra" name="test_cp_permutation_gauge_leaves_tensor_invariant" time="0.083" /><testcase classname="tests.kgr.test_algebra" name="test_cp_permutation_gauge_rejects_non_permutation" time="0.000" /><testcase classname="tests.kgr.test_algebra" name="test_cp_permutation_negative_control_partial_swap_changes_tensor" time="0.006" /><testcase classname="tests.kgr.test_evaluator_exactness" name="test_1vsall_matches_individual_score_for_every_candidate" time="0.011" /><testcase classname="tests.kgr.test_evaluator_exactness" name="test_brute_force_rank_on_hand_constructed_example" time="0.000" /><testcase classname="tests.kgr.test_evaluator_exactness" name="test_brute_force_rank_ties_use_average_policy" time="0.000" /><testcase classname="tests.kgr.test_evaluator_exactness" name="test_head_and_tail_ranking_use_independent_filter_tables" time="0.000" /><testcase classname="tests.kgr.test_evaluator_exactness" name="test_reciprocal_closure_is_involutive" time="0.000" /><testcase classname="tests.kgr.test_evaluator_exactness" name="test_complex_scorer_runs_and_is_finite" time="0.000" /><testcase classname="tests.kgr.test_gradients" name="test_cp_forward_gradients_reach_all_four_factors" time="0.019" /><testcase classname="tests.kgr.test_gradients" name="test_cp_dense_reconstruction_is_intentionally_non_differentiable" time="0.001" /><testcase classname="tests.kgr.test_gradients" name="test_message_passing_gradients_reach_law_and_residual_branches" time="0.001" /><testcase classname="tests.kgr.test_gradients" name="test_seionic_scorer_gradients_reach_entity_and_cp_factors" time="0.001" /><testcase classname="tests.kgr.test_negative_controls" name="test_oblique_projector_is_flagged_by_isometry_residual" time="0.000" /><testcase classname="tests.kgr.test_negative_controls" name="test_zero_cp_law_produces_zero_output" time="0.000" /><testcase classname="tests.kgr.test_negative_controls" name="test_random_cp_law_differs_from_zero_law_almost_surely" time="0.000" /><testcase classname="tests.kgr.test_negative_controls" name="test_filter_removal_must_never_improve_gold_rank" time="0.000" /><testcase classname="tests.kgr.test_negative_controls" name="test_margin_negative_control_order_can_flip_below_threshold" time="0.000" /><testcase classname="tests.kgr.test_negative_controls" name="test_margin_positive_control_worst_case_perturbation_cannot_flip_order" time="0.000" /><testcase classname="tests.kgr.test_negative_controls" name="test_asymmetric_cp_law_head_and_tail_predictions_can_differ" time="0.000" /><testcase classname="tests.kgr.test_projection" name="test_projector_identities_hold_in_fp64" time="0.032" /><testcase classname="tests.kgr.test_projection" name="test_identity_projector_has_full_rank_and_zero_residuals" time="0.000" /><testcase classname="tests.kgr.test_projection" name="test_projector_rejects_rank_out_of_range" time="0.000" /><testcase classname="tests.kgr.test_projection" name="test_projector_rejects_non_2d_Q" time="0.000" /><testcase classname="tests.kgr.test_projection" name="test_closure_leakage_zero_at_full_rank_projector" time="0.000" /><testcase classname="tests.kgr.test_projection" name="test_closure_leakage_generically_nonzero_at_reduced_rank" time="0.011" /><testcase classname="tests.kgr.test_projection" name="test_message_passing_layer_closure_leakage_matches_manual_formula" time="0.001" /><testcase classname="tests.kgr.test_recursive_projection" name="test_exact_subset_expansion_holds_for_cp_ternary_law" time="0.009" /><testcase classname="tests.kgr.test_recursive_projection" name="test_exact_subset_expansion_fails_for_a_non_multilinear_law" time="0.006" /><testcase classname="tests.kgr.test_recursive_projection" name="test_k_equals_1_corollary_error_is_entirely_normal" time="0.005" /><testcase classname="tests.kgr.test_reference_determinism" name="test_self_tests_are_byte_identical_across_repeated_calls_same_seed" time="0.035" /><testcase classname="tests.kgr.test_reference_determinism" name="test_self_tests_differ_with_a_different_seed" time="0.033" /><testcase classname="tests.kgr.test_reference_determinism" name="test_projector_random_rank_is_seed_deterministic" time="0.001" /><testcase classname="tests.kgr.test_seion_kgr_package" name="test_stiefel_projector_identities_hold_after_training_steps" time="1.406" /><testcase classname="tests.kgr.test_seion_kgr_package" name="test_stiefel_projector_disabled_at_rank_zero_is_identity" time="0.000" /><testcase classname="tests.kgr.test_seion_kgr_package" name="test_cp_ternary_law_dense_equivalent_matches_batched_forward" time="0.001" /><testcase classname="tests.kgr.test_seion_kgr_package" name="test_closure_leakage_zero_when_projector_disabled" time="0.000" /><testcase classname="tests.kgr.test_seion_kgr_package" name="test_seionic_scorer_batched_matches_per_row" time="0.001" /><testcase classname="tests.kgr.test_seion_kgr_package" name="test_edge_removal_excludes_the_queried_edge_from_the_frontier" time="0.002" /><testcase classname="tests.kgr.test_seion_kgr_package" name="test_reasoner_frontier_empty_when_head_has_no_outgoing_edges" time="0.001" /><testcase classname="tests.kgr.test_seion_kgr_package" name="test_states_for_candidates_uses_default_for_unreached_nodes" time="0.001" /><testcase classname="tests.kgr.test_seion_kgr_package" name="test_uniform_policy_splits_budget_evenly" time="0.000" /><testcase classname="tests.kgr.test_seion_kgr_package" name="test_local_error_greedy_favors_higher_leakage_module" time="0.000" /><testcase classname="tests.kgr.test_seion_kgr_package" name="test_all_policies_respect_max_rank_and_budget" time="0.001" /><testcase classname="tests.kgr.test_seion_kgr_package" name="test_hybrid_policy_is_not_identical_to_pathwise_alone" time="0.000" /><testcase classname="tests.kgr.test_seion_kgr_package" name="test_compare_policies_reports_regret_against_best_tried" time="0.000" /><testcase classname="tests.kgr.test_seion_kgr_package" name="test_filippov_energy_skips_computation_when_weight_is_zero" time="0.000" /><testcase classname="tests.kgr.test_seion_kgr_package" name="test_associator_energy_skips_computation_when_weight_is_zero" time="0.000" /><testcase classname="tests.kgr.test_seion_kgr_package" name="test_filippov_energy_actually_computes_when_weight_positive" time="0.001" /><testcase classname="tests.kgr.test_seion_kgr_package" name="test_effective_weight_zero_base_short_circuits_regardless_of_epoch" time="0.000" /><testcase classname="tests.kgr.test_seion_kgr_package" name="test_effective_weight_respects_warmup_schedule" time="0.000" /><testcase classname="tests.kgr.test_seion_kgr_package" name="test_relation_cooccurrence_graph_symmetric_and_nonempty_for_shared_entity" time="0.000" /><testcase classname="tests.kgr.test_seion_kgr_package" name="test_relation_metaencoder_forward_shape_and_isolated_relation_keeps_base" time="0.001" /><testcase classname="tests.kgr.test_seion_kgr_package" name="test_evaluate_head_and_tail_metrics_both_present_and_finite" time="0.003" /><testcase classname="tests.kgr.test_seion_kgr_package" name="test_checkpoint_save_and_load_round_trip" time="0.030" /><testcase classname="tests.kgr.test_seion_kgr_package" name="test_batched_cp_permutation_gauge_leaves_dense_equivalent_invariant" time="0.001" /><testcase classname="tests.kgr.test_seion_kgr_package" name="test_batched_cp_permutation_gauge_rejects_non_permutation" time="0.000" /></testsuite></testsuites>