<?xml version="1.0" encoding="utf-8"?><testsuites><testsuite name="pytest" errors="0" failures="0" skipped="0" tests="69" time="7.727" timestamp="2026-07-29T14:11:43.688817-04:00" hostname="DESKTOP-E0JLOHB"><testcase classname="tests.certificates.test_schema_files" name="test_schema_files_are_valid_json" time="0.002" /><testcase classname="tests.convergence.test_convergence" name="test_known_second_order_slope" time="0.001" /><testcase classname="tests.governance.test_governance" name="test_deduplicator_collapses_same_scientific_identity" time="0.058" /><testcase classname="tests.governance.test_governance" name="test_action_gate_rejects_numerical_proof_claim" time="0.005" /><testcase classname="tests.governance.test_governance" name="test_context_pack_is_derived_and_bounded" time="0.302" /><testcase classname="tests.governance.test_governance" name="test_audit_reports_missing_paper_as_warning_but_not_error" time="0.177" /><testcase classname="tests.governance.test_governance" name="test_postflight_command_argument_does_not_shadow_subcommand" time="0.002" /><testcase classname="tests.integration.test_certificate" name="test_vertical_slice_certificate" time="0.611" /><testcase classname="tests.numerical.test_precision" name="test_precision_tiers_record_machine_epsilon" time="0.001" /><testcase classname="tests.numerical.test_snapping" name="test_spectral_snapping_has_idempotent_output_with_gap" time="0.001" /><testcase classname="tests.numerical.test_snapping" name="test_no_gap_counterexample_is_registered" time="0.000" /><testcase classname="tests.property.test_properties" name="test_multilinearity_across_all_slots" time="0.001" /><testcase classname="tests.regression.test_registry" name="test_required_example_registry_is_present" time="0.000" /><testcase classname="tests.research_v2.test_gpu_parity" name="test_torch_cpu_gpu_einsum_parity" time="0.197" /><testcase classname="tests.research_v2.test_reference_parity" name="test_reference_and_einsum_evaluation_match_for_complex_laws[2]" time="0.001" /><testcase classname="tests.research_v2.test_reference_parity" name="test_reference_and_einsum_evaluation_match_for_complex_laws[3]" time="0.001" /><testcase classname="tests.research_v2.test_reference_parity" name="test_reference_and_einsum_evaluation_match_for_complex_laws[4]" time="0.001" /><testcase classname="tests.research_v2.test_reference_parity" name="test_reference_and_tensordot_partial_compositions_match[0]" time="0.002" /><testcase classname="tests.research_v2.test_reference_parity" name="test_reference_and_tensordot_partial_compositions_match[1]" time="0.002" /><testcase classname="tests.research_v2.test_reference_parity" name="test_reference_and_tensordot_partial_compositions_match[2]" time="0.002" /><testcase classname="tests.research_v2.test_reference_parity" name="test_tree_evaluation_parity_for_repeated_leaf_labels" time="0.001" /><testcase classname="tests.research_v2.test_reference_parity" name="test_invalid_tree_leaf_is_rejected" time="0.000" /><testcase classname="tests.research_v2.test_reference_parity" name="test_rank_one_cp_factorization_matches_dense_and_einsum_paths" time="0.001" /><testcase classname="tests.research_v2.test_theorem_examples" name="test_exact_invariant_reduction_and_composition_are_exact" time="0.033" /><testcase classname="tests.research_v2.test_theorem_examples" name="test_approximate_tree_bound_is_respected" time="0.001" /><testcase classname="tests.research_v2.test_theorem_examples" name="test_no_invariance_counterexample_breaks_composition" time="0.001" /><testcase classname="tests.research_v2.test_theorem_examples" name="test_no_gap_counterexample_has_small_perturbation_but_large_snap_change" time="0.001" /><testcase classname="tests.research_v2.test_theorem_examples" name="test_exact_example_artifact_is_json_serializable" time="0.004" /><testcase classname="tests.research_v3.adversarial.test_searches" name="test_tiny_gradient_search_is_explicitly_empirical" time="1.202" /><testcase classname="tests.research_v3.adversarial.test_searches" name="test_tiny_derivative_free_search_is_independent_and_empirical" time="0.033" /><testcase classname="tests.research_v3.certificates.test_certificates" name="test_homogeneous_k_and_projected_k_minus_one_recurrence" time="0.001" /><testcase classname="tests.research_v3.certificates.test_certificates" name="test_mixed_mask_certificate_bounds_observed_rotation_errors" time="0.008" /><testcase classname="tests.research_v3.certificates.test_certificates" name="test_closed_form_bounds_have_named_zero_node_and_one_node_behavior" time="0.000" /><testcase classname="tests.research_v3.certificates.test_run_schema" name="test_complete_run_artifact_contract" time="0.662" /><testcase classname="tests.research_v3.exact.test_certification_and_extremizers" name="test_rotation_tensor_has_exact_declared_frobenius_and_attained_norm_one" time="0.003" /><testcase classname="tests.research_v3.exact.test_certification_and_extremizers" name="test_one_node_interval_lower_construction_is_exact" time="0.001" /><testcase classname="tests.research_v3.exact.test_certification_and_extremizers" name="test_rotation_construction_respects_universal_bounds" time="0.001" /><testcase classname="tests.research_v3.exact.test_certification_and_extremizers" name="test_exact_quadratic_global_certificate" time="0.035" /><testcase classname="tests.research_v3.exact.test_enumeration" name="test_catalan_and_fuss_catalan_target_counts" time="0.002" /><testcase classname="tests.research_v3.exact.test_enumeration" name="test_mixed_arity_grammar_exact_counts_through_five" time="0.009" /><testcase classname="tests.research_v3.exact.test_enumeration" name="test_every_binary_shape_through_eight_has_unique_ordered_hash" time="0.054" /><testcase classname="tests.research_v3.gpu.test_cuda_parity" name="test_float64_cuda_matches_numpy" time="0.003" /><testcase classname="tests.research_v3.property.test_telescoping_order" name="test_exchange_condition_matches_two_slot_cost" time="0.001" /><testcase classname="tests.research_v3.property.test_telescoping_order" name="test_sorted_order_equals_brute_force_for_positive_zero_and_negative_differences" time="1.004" /><testcase classname="tests.research_v3.property.test_telescoping_order" name="test_zero_denominator_nonzero_error_sits_between_sign_classes" time="0.000" /><testcase classname="tests.research_v3.regression.test_projected_k_minus_one" name="test_projected_k_minus_one_on_every_binary_shape_through_six_for_rotation_family" time="0.138" /><testcase classname="tests.research_v3.symbolic.test_error_expansion" name="test_subset_count_and_symbolic_rendering" time="0.001" /><testcase classname="tests.research_v3.symbolic.test_error_expansion" name="test_numeric_subset_expansion_is_exact_to_roundoff" time="0.001" /><testcase classname="tests.research_v3.unit.test_evaluation" name="test_coordinate_loop_and_numpy_law_evaluators_agree" time="0.001" /><testcase classname="tests.research_v3.unit.test_evaluation" name="test_full_tree_reference_and_numpy_agree" time="0.001" /><testcase classname="tests.research_v3.unit.test_evaluation" name="test_named_errors_obey_exact_hilbert_relationships" time="0.001" /><testcase classname="tests.research_v3.unit.test_forests_and_cp_budget" name="test_signed_forest_exactly_cancels_identical_terms" time="0.000" /><testcase classname="tests.research_v3.unit.test_forests_and_cp_budget" name="test_ternary_associator_has_two_five_input_trees" time="0.000" /><testcase classname="tests.research_v3.unit.test_forests_and_cp_budget" name="test_cp_projection_budget_exposes_interaction_instead_of_hiding_it" time="0.000" /><testcase classname="tests.research_v3.unit.test_types_and_trees" name="test_coordinate_space_has_orthogonal_projector" time="0.001" /><testcase classname="tests.research_v3.unit.test_types_and_trees" name="test_space_rejects_nonisometric_embedding" time="0.001" /><testcase classname="tests.research_v3.unit.test_types_and_trees" name="test_typed_tree_rejects_invalid_edge_before_evaluation" time="0.001" /><testcase classname="tests.research_v3.unit.test_types_and_trees" name="test_tree_hash_and_statistics_are_deterministic" time="0.001" /><testcase classname="tests.symbolic.test_symbolic" name="test_symbolic_artifacts_are_labeled" time="0.003" /><testcase classname="tests.unit.test_associators" name="test_associative_five_input_residual_is_zero" time="0.001" /><testcase classname="tests.unit.test_associators" name="test_conventions_are_named_and_random_is_not_assumed_zero" time="0.001" /><testcase classname="tests.unit.test_associators" name="test_operadic_partial_composition_has_five_inputs" time="0.002" /><testcase classname="tests.unit.test_cohomology" name="test_finite_cohomology_descent_compatibility" time="0.001" /><testcase classname="tests.unit.test_cp" name="test_rank_one_cp_dense_parity" time="0.001" /><testcase classname="tests.unit.test_cp" name="test_gauge_transform_preserves_law" time="0.001" /><testcase classname="tests.unit.test_curvature" name="test_standard_curvature_associator_expansion" time="0.001" /><testcase classname="tests.unit.test_nary_law" name="test_strict_shapes_and_multilinearity" time="0.001" /><testcase classname="tests.unit.test_nary_law" name="test_sparse_dense_parity" time="0.001" /><testcase classname="tests.unit.test_projectors" name="test_known_invariant_subspace_closes" time="0.002" /></testsuite></testsuites>